<?xml version="1.0" encoding="UTF-8"?>
<testsuite name="edu.uoc.pac3.MovieTest" tests="5" skipped="0" failures="0" errors="0" timestamp="2022-11-17T17:46:56" hostname="VIVOBOOK_UGE" time="0.058">
  <properties/>
  <testcase name="testPrettyJsonMovie()" classname="edu.uoc.pac3.MovieTest" time="0.047"/>
  <testcase name="testJsonMoviesArray()" classname="edu.uoc.pac3.MovieTest" time="0.002"/>
  <testcase name="testJsonMovie()" classname="edu.uoc.pac3.MovieTest" time="0.001"/>
  <testcase name="testPrettyJsonMovie2()" classname="edu.uoc.pac3.MovieTest" time="0.001"/>
  <testcase name="testGetObject()" classname="edu.uoc.pac3.MovieTest" time="0.003"/>
  <system-out><![CDATA[]]></system-out>
  <system-err><![CDATA[]]></system-err>
</testsuite>
